<?xml version="1.0" encoding="UTF-8"?>
<testsuite xmlns:xsi="http://www.w3.org/2001/XMLSchema-instance" xsi:noNamespaceSchemaLocation="https://maven.apache.org/surefire/maven-surefire-plugin/xsd/surefire-test-report-3.0.xsd" version="3.0" name="testRunner.TestRunner" time="11.165" tests="1" errors="0" skipped="0" failures="0">
  <properties>
[...]
</properties>
  <testcase name="User is able to search product by using  search functionality" classname="Search Functionality" time="6.286">
    <system-out><![CDATA[
@searchFuntionality
Scenario: User is able to search product by using  search functionality # file:///C:/Users/Chaitanya%20P/BDD_Project/opencart_bdd_framework/./Features/Search.feature:4
  âœ” Given user is on the Home Page                                      # stepdefination.Step_Def_UI.user_is_on_the_Home_Page()
  âœ” When user is enter the product name "iphone" in search bar          # stepdefination.Step_Def_UI.user_is_enter_the_procut_name_in_Search_bar(java.lang.String)
  âœ” And user is click on the search button                              # stepdefination.Step_Def_UI.userIsClickOnTheSearchButton()
  âœ” Then user should be able to see the search products                 # stepdefination.Step_Def_UI.userShouldBeAbleToSeeTheSearchProduct()
]]></system-out>
    <system-err><![CDATA[Mar 19, 2026 3:34:36 PM org.openqa.selenium.devtools.CdpVersionFinder findNearestMatch
WARNING: Unable to find CDP implementation matching 146
Mar 19, 2026 3:34:36 PM org.openqa.selenium.chromium.ChromiumDriver lambda$new$4
WARNING: Unable to find version of CDP to use for 146.0.7680.80. You may need to include a dependency on a specific version of the CDP using something similar to `org.seleniumhq.selenium:selenium-devtools-v86:4.34.0` where the version ("v86") matches the version of the chromium-based browser you're using and the version number of the artifact is the same as Selenium's.
]]></system-err>
  </testcase>
</testsuite>